# JRE version: OpenJDK Runtime Environment (22.0.1+8) (build 22.0.1+8-16)
# Java VM: OpenJDK 64-Bit Server VM (22.0.1+8-16, mixed mode, emulated-client, sharing, tiered, compressed oops, compressed class ptrs, g1 gc, windows-amd64)
GC Precious Log:
 CardTable entry size: 512
 Card Set container configuration: InlinePtr #cards 4 size 8 Array Of Cards #cards 32 size 80 Howl #buckets 8 coarsen threshold 7372 Howl Bitmap #cards 1024 size 144 coarsen threshold 921 Card regions per heap region 1 cards per card region 8192
 CPUs: 12 total, 12 available
 Memory: 32687M
 Large Page Support: Disabled
 NUMA Support: Disabled
 Compressed Oops: Enabled (Zero based)
 Heap Region Size: 4M
 Heap Min Capacity: 8M
 Heap Initial Capacity: 512M
 Heap Max Capacity: 8172M
 Pre-touch: Disabled
 Parallel Workers: 10
 Concurrent Workers: 3
 Concurrent Refinement Workers: 10
 Periodic GC: Disabled
Heap:
 garbage-first heap   total reserved 8368128K, committed 81920K, used 47844K [0x0000000601400000, 0x0000000800000000)
  region size 4096K, 7 young (28672K), 1 survivors (4096K)
 Metaspace       used 62359K, committed 63040K, reserved 1114112K
  class space    used 9075K, committed 9344K, reserved 1048576K
GC Heap History (20 events):
Event: 7733.531 GC heap before
{Heap before GC invocations=28 (full 0):
 garbage-first heap   total reserved 8368128K, committed 110592K, used 91202K [0x0000000601400000, 0x0000000800000000)
  region size 4096K, 16 young (65536K), 1 survivors (4096K)
 Metaspace       used 60905K, committed 61888K, reserved 1114112K
  class space    used 8854K, committed 9216K, reserved 1048576K
}
Event: 7733.533 GC heap after
{Heap after GC invocations=29 (full 0):
 garbage-first heap   total reserved 8368128K, committed 110592K, used 29981K [0x0000000601400000, 0x0000000800000000)
  region size 4096K, 1 young (4096K), 1 survivors (4096K)
 Metaspace       used 60905K, committed 61888K, reserved 1114112K
  class space    used 8854K, committed 9216K, reserved 1048576K
}
Event: 8511.782 GC heap before
{Heap before GC invocations=29 (full 0):
 garbage-first heap   total reserved 8368128K, committed 110592K, used 91421K [0x0000000601400000, 0x0000000800000000)
  region size 4096K, 16 young (65536K), 1 survivors (4096K)
 Metaspace       used 60905K, committed 61888K, reserved 1114112K
  class space    used 8854K, committed 9216K, reserved 1048576K
}
Event: 8511.783 GC heap after
{Heap after GC invocations=30 (full 0):
 garbage-first heap   total reserved 8368128K, committed 110592K, used 30097K [0x0000000601400000, 0x0000000800000000)
  region size 4096K, 1 young (4096K), 1 survivors (4096K)
 Metaspace       used 60905K, committed 61888K, reserved 1114112K
  class space    used 8854K, committed 9216K, reserved 1048576K
}
Event: 9237.088 GC heap before
{Heap before GC invocations=30 (full 0):
 garbage-first heap   total reserved 8368128K, committed 110592K, used 91537K [0x0000000601400000, 0x0000000800000000)
  region size 4096K, 16 young (65536K), 1 survivors (4096K)
 Metaspace       used 60907K, committed 61888K, reserved 1114112K
  class space    used 8855K, committed 9216K, reserved 1048576K
}
Event: 9237.090 GC heap after
{Heap after GC invocations=31 (full 0):
 garbage-first heap   total reserved 8368128K, committed 110592K, used 29910K [0x0000000601400000, 0x0000000800000000)
  region size 4096K, 1 young (4096K), 1 survivors (4096K)
 Metaspace       used 60907K, committed 61888K, reserved 1114112K
  class space    used 8855K, committed 9216K, reserved 1048576K
}
Event: 10015.539 GC heap before
{Heap before GC invocations=32 (full 0):
 garbage-first heap   total reserved 8368128K, committed 110592K, used 91350K [0x0000000601400000, 0x0000000800000000)
  region size 4096K, 16 young (65536K), 1 survivors (4096K)
 Metaspace       used 60907K, committed 61888K, reserved 1114112K
  class space    used 8855K, committed 9216K, reserved 1048576K
}
Event: 10015.540 GC heap after
{Heap after GC invocations=33 (full 0):
 garbage-first heap   total reserved 8368128K, committed 110592K, used 29902K [0x0000000601400000, 0x0000000800000000)
  region size 4096K, 1 young (4096K), 1 survivors (4096K)
 Metaspace       used 60907K, committed 61888K, reserved 1114112K
  class space    used 8855K, committed 9216K, reserved 1048576K
}
Event: 10722.666 GC heap before
{Heap before GC invocations=33 (full 0):
 garbage-first heap   total reserved 8368128K, committed 110592K, used 91342K [0x0000000601400000, 0x0000000800000000)
  region size 4096K, 16 young (65536K), 1 survivors (4096K)
 Metaspace       used 60910K, committed 61888K, reserved 1114112K
  class space    used 8857K, committed 9216K, reserved 1048576K
}
Event: 10722.668 GC heap after
{Heap after GC invocations=34 (full 0):
 garbage-first heap   total reserved 8368128K, committed 110592K, used 30003K [0x0000000601400000, 0x0000000800000000)
  region size 4096K, 1 young (4096K), 1 survivors (4096K)
 Metaspace       used 60910K, committed 61888K, reserved 1114112K
  class space    used 8857K, committed 9216K, reserved 1048576K
}
Event: 10837.804 GC heap before
{Heap before GC invocations=34 (full 0):
 garbage-first heap   total reserved 8368128K, committed 110592K, used 42291K [0x0000000601400000, 0x0000000800000000)
  region size 4096K, 5 young (20480K), 1 survivors (4096K)
 Metaspace       used 61047K, committed 61888K, reserved 1114112K
  class space    used 8892K, committed 9216K, reserved 1048576K
}
Event: 10837.832 GC heap after
{Heap after GC invocations=35 (full 1):
 garbage-first heap   total reserved 8368128K, committed 81920K, used 19989K [0x0000000601400000, 0x0000000800000000)
  region size 4096K, 0 young (0K), 0 survivors (0K)
 Metaspace       used 60989K, committed 61888K, reserved 1114112K
  class space    used 8876K, committed 9216K, reserved 1048576K
}
Event: 10838.221 GC heap before
{Heap before GC invocations=35 (full 1):
 garbage-first heap   total reserved 8368128K, committed 81920K, used 69141K [0x0000000601400000, 0x0000000800000000)
  region size 4096K, 12 young (49152K), 0 survivors (0K)
 Metaspace       used 61271K, committed 61888K, reserved 1114112K
  class space    used 8937K, committed 9216K, reserved 1048576K
}
Event: 10838.223 GC heap after
{Heap after GC invocations=36 (full 1):
 garbage-first heap   total reserved 8368128K, committed 81920K, used 25006K [0x0000000601400000, 0x0000000800000000)
  region size 4096K, 2 young (8192K), 2 survivors (8192K)
 Metaspace       used 61271K, committed 61888K, reserved 1114112K
  class space    used 8937K, committed 9216K, reserved 1048576K
}
Event: 10838.509 GC heap before
{Heap before GC invocations=37 (full 1):
 garbage-first heap   total reserved 8368128K, committed 81920K, used 61870K [0x0000000601400000, 0x0000000800000000)
  region size 4096K, 11 young (45056K), 2 survivors (8192K)
 Metaspace       used 61620K, committed 62272K, reserved 1114112K
  class space    used 8972K, committed 9280K, reserved 1048576K
}
Event: 10838.511 GC heap after
{Heap after GC invocations=38 (full 1):
 garbage-first heap   total reserved 8368128K, committed 86016K, used 29478K [0x0000000601400000, 0x0000000800000000)
  region size 4096K, 2 young (8192K), 2 survivors (8192K)
 Metaspace       used 61620K, committed 62272K, reserved 1114112K
  class space    used 8972K, committed 9280K, reserved 1048576K
}
Event: 10868.922 GC heap before
{Heap before GC invocations=38 (full 1):
 garbage-first heap   total reserved 8368128K, committed 86016K, used 41766K [0x0000000601400000, 0x0000000800000000)
  region size 4096K, 6 young (24576K), 2 survivors (8192K)
 Metaspace       used 61694K, committed 62400K, reserved 1114112K
  class space    used 8980K, committed 9280K, reserved 1048576K
}
Event: 10868.955 GC heap after
{Heap after GC invocations=39 (full 2):
 garbage-first heap   total reserved 8368128K, committed 81920K, used 23549K [0x0000000601400000, 0x0000000800000000)
  region size 4096K, 0 young (0K), 0 survivors (0K)
 Metaspace       used 61643K, committed 62400K, reserved 1114112K
  class space    used 8967K, committed 9280K, reserved 1048576K
}
Event: 10869.228 GC heap before
{Heap before GC invocations=39 (full 2):
 garbage-first heap   total reserved 8368128K, committed 81920K, used 68605K [0x0000000601400000, 0x0000000800000000)
  region size 4096K, 11 young (45056K), 0 survivors (0K)
 Metaspace       used 61811K, committed 62464K, reserved 1114112K
  class space    used 9003K, committed 9280K, reserved 1048576K
}
Event: 10869.230 GC heap after
{Heap after GC invocations=40 (full 2):
 garbage-first heap   total reserved 8368128K, committed 81920K, used 27364K [0x0000000601400000, 0x0000000800000000)
  region size 4096K, 1 young (4096K), 1 survivors (4096K)
 Metaspace       used 61811K, committed 62464K, reserved 1114112K
  class space    used 9003K, committed 9280K, reserved 1048576K
}

